2025-01-09 18:00:06,547 - INFO - Removed existing database
2025-01-09 18:00:06,594 - INFO - Processing identityiq_1.json...
2025-01-09 18:00:06,675 - INFO - Successfully processed identityiq_1.json
2025-01-09 18:00:06,675 - INFO - Processing identityiq_2.json...
2025-01-09 18:00:06,726 - INFO - Successfully processed identityiq_2.json
2025-01-09 18:00:06,726 - INFO - Processing myfreescorenow_1.json...
2025-01-09 18:00:06,793 - INFO - Successfully processed myfreescorenow_1.json
2025-01-09 18:00:06,793 - INFO - Processing myfreescorenow_2.json...
2025-01-09 18:00:06,816 - INFO - Successfully processed myfreescorenow_2.json
2025-01-09 18:00:06,816 - INFO - Processing myscoreiq_1.json...
2025-01-09 18:00:06,840 - INFO - Successfully processed myscoreiq_1.json
2025-01-09 18:00:06,840 - INFO - Processing smartcredit_1.json...
2025-01-09 18:00:06,904 - INFO - Successfully processed smartcredit_1.json
2025-01-09 18:00:06,904 - INFO - Processing smartcredit_2.json...
2025-01-09 18:00:06,963 - INFO - Successfully processed smartcredit_2.json
2025-01-09 18:00:06,963 - INFO - Processing smartcredit_3.json...
2025-01-09 18:00:07,011 - INFO - Successfully processed smartcredit_3.json
2025-01-09 18:01:32,298 - INFO - Processing identityiq_1.json...
2025-01-09 18:01:32,362 - INFO - Successfully processed identityiq_1.json
2025-01-09 18:01:32,362 - INFO - Processing identityiq_2.json...
2025-01-09 18:01:32,412 - INFO - Successfully processed identityiq_2.json
2025-01-09 18:01:32,413 - INFO - Processing myfreescorenow_1.json...
2025-01-09 18:01:32,474 - INFO - Successfully processed myfreescorenow_1.json
2025-01-09 18:01:32,474 - INFO - Processing myfreescorenow_2.json...
2025-01-09 18:01:32,495 - INFO - Successfully processed myfreescorenow_2.json
2025-01-09 18:01:32,495 - INFO - Processing myscoreiq_1.json...
2025-01-09 18:01:32,515 - INFO - Successfully processed myscoreiq_1.json
2025-01-09 18:01:32,515 - INFO - Processing smartcredit_1.json...
2025-01-09 18:01:32,568 - INFO - Successfully processed smartcredit_1.json
2025-01-09 18:01:32,568 - INFO - Processing smartcredit_2.json...
2025-01-09 18:01:32,621 - INFO - Successfully processed smartcredit_2.json
2025-01-09 18:01:32,621 - INFO - Processing smartcredit_3.json...
2025-01-09 18:01:32,683 - INFO - Successfully processed smartcredit_3.json
